0     ACT 0 0 0
10    ACT 1 0 0
20    ACT 2 0 0
30    ACT 3 0 0
40    ACT 0 1 0
50    RD  0 0 0
52    ACT 1 1 0
60    RD  1 0 0
62    ACT 2 1 0
70    RD  2 0 0
72    ACT 3 1 0
80    RD  3 0 0
82    ACT 0 2 0
90    RD  0 1 0
92    ACT 1 2 0
102   RD  1 1 0
104   ACT 2 2 0
112   RD  2 1 0
114   ACT 3 2 0
122   RD  3 1 0
124   ACT 0 3 0
132   RD  0 2 0
134   ACT 1 3 0
142   RD  1 2 0
144   ACT 2 3 0
154   RD  2 2 0
156   ACT 3 3 0
164   RD  3 2 0
174   RD  0 3 0
184   RD  1 3 0
194   RD  2 3 0
206   RD  3 3 0
