0     ACT 0 0 1
50    WR  0 0 1
1000  ACT 1 0 2
1050  WR  1 0 2
2000  ACT 2 0 3
2050  WR  2 0 3
3000  ACT 3 0 4
3050  WR  3 0 4
4000  ACT 0 1 5
4050  WR  0 1 5
5000  ACT 1 1 6
5050  WR  1 1 6
6000  ACT 2 1 7
6050  WR  2 1 7
7000  ACT 3 1 8
7050  WR  3 1 8
8000  ACT 0 2 9
8050  WR  0 2 9
9000  ACT 1 2 A
9050  WR  1 2 A
10000 ACT 2 2 B
10050 WR  2 2 B
11000 ACT 3 2 C
11050 WR  3 2 C
12000 ACT 0 3 D
12050 WR  0 3 D
13000 ACT 1 3 E
13050 WR  1 3 E
14000 ACT 2 3 F
14050 WR  2 3 F
15000 ACT 3 3 10
15050 WR  3 3 10
16000 WR  0 0 10
17000 WR  1 0 F
18000 WR  2 0 E
19000 WR  3 0 D
20000 WR  0 1 C
21000 WR  1 1 B
22000 WR  2 1 A
23000 WR  3 1 9
24000 WR  0 2 8
25000 WR  1 2 7
26000 WR  2 2 6
27000 WR  3 2 5
28000 WR  0 3 4
29000 WR  1 3 3
30000 WR  2 3 2
31000 WR  3 3 1
32000 PRE 0 0
32050 ACT 0 0 0
32100 WR  0 0 10
33000 PRE 1 0
33050 ACT 1 0 1
33100 WR  1 0 F
34000 PRE 2 0
34050 ACT 2 0 2
34100 WR  2 0 E
35000 PRE 3 0
35050 ACT 3 0 3
35100 WR  3 0 D
36000 PRE 0 1
36050 ACT 0 1 4
36100 WR  0 1 C
37000 PRE 1 1
37050 ACT 1 1 5
37100 WR  1 1 B
38000 PRE 2 1
38050 ACT 2 1 6
38100 WR  2 1 A
39000 PRE 3 1
39050 ACT 3 1 7
39100 WR  3 1 9
40000 PRE 0 2
40050 ACT 0 2 8
40100 WR  0 2 8
41000 PRE 1 2
41050 ACT 1 2 9
41100 WR  1 2 7
42000 PRE 2 2
42050 ACT 2 2 A
42100 WR  2 2 6
43000 PRE 3 2
43050 ACT 3 2 B
43100 WR  3 2 5
44000 PRE 0 3
44050 ACT 0 3 C
44100 WR  0 3 4
45000 PRE 1 3
45050 ACT 1 3 D
45100 WR  1 3 3
46000 PRE 2 3
46050 ACT 2 3 E
46100 WR  2 3 2
47000 PRE 3 3
47050 ACT 3 3 F
47100 WR  3 3 1
