0     ACT 0 0 0
14    ACT 0 1 0
50    RD  0 0 0
68    RD  0 0 0
86    RD  0 1 0
104   RD  0 0 0
122   RD  0 0 0
1000  PRE 0 0
1002  ACT 1 0 1
1050  ACT 0 0 1
1052  RD  1 0 0
1070  RD  1 0 0
1088  RD  1 0 0
1100  RD  0 0 0
2002  WR  0 1 0
2008  PRE 0 0
2010  PRE 0 0
2012  PRE 0 0
2014  PRE 0 0
2016  WR  1 0 0
2026  WR  0 0 0
2036  WR  1 0 0
2054  WR  1 0 0
2062  ACT 0 0 0
3000  ACT 3 0 1
3010  ACT 2 2 1
3020  ACT 3 1 1
3030  ACT 2 1 1
3040  ACT 3 2 1
3050  RD  3 0 3
3060  WR  2 2 3
3070  WR  3 1 3
3080  RD  2 1 3
3090  RD  3 2 3
